\BOOKMARK [0][-]{chapter*.2}{میری پہلی کتاب کا دیباچہ}{}% \RL {\arabicfont  1}
\BOOKMARK [0][-]{chapter.1}{بنیادی حقائق}{}% \RL {\arabicfont  2}
\BOOKMARK [1][-]{section.1.1}{بنیادی اکائیاں}{chapter.1}% \RL {\arabicfont  3}
\BOOKMARK [1][-]{section.1.2}{مقداری}{chapter.1}% \RL {\arabicfont  4}
\BOOKMARK [1][-]{section.1.3}{سمتیہ}{chapter.1}% \RL {\arabicfont  5}
\BOOKMARK [1][-]{section.1.4}{محدد، خط مرتب}{chapter.1}% \RL {\arabicfont  6}
\BOOKMARK [2][-]{subsection.1.4.1}{کارتیسی محدد کا نظام}{section.1.4}% \RL {\arabicfont  7}
\BOOKMARK [2][-]{subsection.1.4.2}{نلکی محدد کا نظام}{section.1.4}% \RL {\arabicfont  8}
\BOOKMARK [1][-]{section.1.5}{سمتیہ رقبہ}{chapter.1}% \RL {\arabicfont  9}
\BOOKMARK [1][-]{section.1.6}{رقبہ عمودی تراش}{chapter.1}% \RL {\arabicfont  10}
\BOOKMARK [1][-]{section.1.7}{برقی میدان اور مقناطیسی میدان}{chapter.1}% \RL {\arabicfont  11}
\BOOKMARK [2][-]{subsection.1.7.1}{برقی میدان اور برقی میدان کی شدت}{section.1.7}% \RL {\arabicfont  12}
\BOOKMARK [2][-]{subsection.1.7.2}{مقناطیسی میدان اور مقناطیسی میدان کی شدت}{section.1.7}% \RL {\arabicfont  13}
\BOOKMARK [1][-]{section.1.8}{سطحی اور حجمی کثافت}{chapter.1}% \RL {\arabicfont  14}
\BOOKMARK [2][-]{subsection.1.8.1}{سطحی کثافت}{section.1.8}% \RL {\arabicfont  15}
\BOOKMARK [1][-]{section.1.9}{حجمی کثافت}{chapter.1}% \RL {\arabicfont  16}
\BOOKMARK [1][-]{section.1.10}{ضربِ صلیبی اور ضربِ نقطہ}{chapter.1}% \RL {\arabicfont  17}
\BOOKMARK [2][-]{subsection.1.10.1}{ضرب صلیبی}{section.1.10}% \RL {\arabicfont  18}
\BOOKMARK [2][-]{subsection.1.10.2}{ضربِ نقطہ}{section.1.10}% \RL {\arabicfont  19}
\BOOKMARK [1][-]{section.1.11}{تفرق اور جزوی تفرق}{chapter.1}% \RL {\arabicfont  20}
\BOOKMARK [1][-]{section.1.12}{خطی تکمل}{chapter.1}% \RL {\arabicfont  21}
\BOOKMARK [1][-]{section.1.13}{سطحی تکمل}{chapter.1}% \RL {\arabicfont  22}
\BOOKMARK [1][-]{section.1.14}{ مرحلی سمتیہ}{chapter.1}% \RL {\arabicfont  23}
\BOOKMARK [0][-]{chapter.2}{مقناطیسی ادوار}{}% \RL {\arabicfont  24}
\BOOKMARK [1][-]{section.2.1}{مزاحمت اور ہچکچاہٹ}{chapter.2}% \RL {\arabicfont  25}
\BOOKMARK [1][-]{section.2.2}{کثافتِ برقی رو اور برقی میدان کی شدت}{chapter.2}% \RL {\arabicfont  26}
\BOOKMARK [1][-]{section.2.3}{برقی ادوار}{chapter.2}% \RL {\arabicfont  27}
\BOOKMARK [1][-]{section.2.4}{مقناطیسی دور حصہ اول}{chapter.2}% \RL {\arabicfont  28}
\BOOKMARK [1][-]{section.2.5}{کثافتِ مقناطیسی بہاو اور مقناطیسی میدان کی شدت}{chapter.2}% \RL {\arabicfont  29}
\BOOKMARK [1][-]{section.2.6}{مقناطیسی دور حصہ دوم}{chapter.2}% \RL {\arabicfont  30}
\BOOKMARK [1][-]{section.2.7}{خود امالہ ، مشترکہ امالہ اور توانائی}{chapter.2}% \RL {\arabicfont  31}
\BOOKMARK [1][-]{section.2.8}{مقناطیسی مادہ کے خصوصیات}{chapter.2}% \RL {\arabicfont  32}
\BOOKMARK [1][-]{section.2.9}{ہیجان شدہ لچھا}{chapter.2}% \RL {\arabicfont  33}
\BOOKMARK [0][-]{chapter.3}{ٹرانسفارمر}{}% \RL {\arabicfont  34}
\BOOKMARK [1][-]{section.3.1}{ٹرانسفارمر کی اہمیت}{chapter.3}% \RL {\arabicfont  35}
\BOOKMARK [1][-]{section.3.2}{ٹرانسفارمر کے اقسام}{chapter.3}% \RL {\arabicfont  36}
\BOOKMARK [1][-]{section.3.3}{امالی برقی دباؤ}{chapter.3}% \RL {\arabicfont  37}
\BOOKMARK [1][-]{section.3.4}{ہیجان انگیز برقی رو اور مرکزی ضیاع}{chapter.3}% \RL {\arabicfont  38}
\BOOKMARK [1][-]{section.3.5}{تبادلہ برقی دباؤ اور تبادلہ برقی رو کے خصوصیات}{chapter.3}% \RL {\arabicfont  39}
\BOOKMARK [1][-]{section.3.6}{ثانوی جانب بوجھ کا ابتدائی جانب اثر}{chapter.3}% \RL {\arabicfont  40}
\BOOKMARK [1][-]{section.3.7}{ٹرانسفارمر کی علامت پر نقطوں کا مطلب}{chapter.3}% \RL {\arabicfont  41}
\BOOKMARK [1][-]{section.3.8}{رکاوٹ کا تبادلہ}{chapter.3}% \RL {\arabicfont  42}
\BOOKMARK [1][-]{section.3.9}{ٹرانسفارمر کے وولٹ-ایمپیئر}{chapter.3}% \RL {\arabicfont  43}
\BOOKMARK [1][-]{section.3.10}{ٹرانسفارمر کے امالہ اور اس کے مساوی دور}{chapter.3}% \RL {\arabicfont  44}
\BOOKMARK [2][-]{subsection.3.10.1}{لچھے کی مزاحمت اور اس کی متعاملہ علیحدہ کرنا}{section.3.10}% \RL {\arabicfont  45}
\BOOKMARK [2][-]{subsection.3.10.2}{رِستا امالہ}{section.3.10}% \RL {\arabicfont  46}
\BOOKMARK [2][-]{subsection.3.10.3}{ثانوی برقی رو اور مرکز کے اثرات}{section.3.10}% \RL {\arabicfont  47}
\BOOKMARK [2][-]{subsection.3.10.4}{ثانوی لچھے کی امالی برقی دباؤ}{section.3.10}% \RL {\arabicfont  48}
\BOOKMARK [2][-]{subsection.3.10.5}{ثانوی لچھے کی مزاحمت اور متعاملہ کے اثرات}{section.3.10}% \RL {\arabicfont  49}
\BOOKMARK [2][-]{subsection.3.10.6}{رکاوٹ کا ابتدائی یا ثانوی جانب تبادلہ}{section.3.10}% \RL {\arabicfont  50}
\BOOKMARK [2][-]{subsection.3.10.7}{ٹرانسفارمر کے سادہ ترین مساوی دور}{section.3.10}% \RL {\arabicfont  51}
\BOOKMARK [1][-]{section.3.11}{کھلے دور معائنہ اور کسرِ دور معائنہ}{chapter.3}% \RL {\arabicfont  52}
\BOOKMARK [2][-]{subsection.3.11.1}{کھلے دور معائنہ}{section.3.11}% \RL {\arabicfont  53}
\BOOKMARK [2][-]{subsection.3.11.2}{ کسرِ دور معائنہ}{section.3.11}% \RL {\arabicfont  54}
\BOOKMARK [1][-]{section.3.12}{تین مرحلہ ٹرانسفارمر}{chapter.3}% \RL {\arabicfont  55}
\BOOKMARK [1][-]{section.3.13}{ٹرانسفارمر چالو کرتے لمحہ زیادہ محرکی برقی رو کا گزر}{chapter.3}% \RL {\arabicfont  56}
\BOOKMARK [0][-]{chapter.4}{برقی اور میکانی توانائی کا باہمی تبادلہ}{}% \RL {\arabicfont  57}
\BOOKMARK [1][-]{section.4.1}{مقناطیسی نظام میں قوت اور مروڑ}{chapter.4}% \RL {\arabicfont  58}
\BOOKMARK [1][-]{section.4.2}{تبادلہ توانائی والا ایک لچھے کا نظام}{chapter.4}% \RL {\arabicfont  59}
\BOOKMARK [1][-]{section.4.3}{توانائی اور کو-توانائی}{chapter.4}% \RL {\arabicfont  60}
\BOOKMARK [1][-]{section.4.4}{زیادہ لچھوں کا مقناطیسی نظام}{chapter.4}% \RL {\arabicfont  61}
\BOOKMARK [0][-]{chapter.5}{گھومتے مشین کے بنیادی اصول}{}% \RL {\arabicfont  62}
\BOOKMARK [1][-]{section.5.1}{قانونِ فیراڈے}{chapter.5}% \RL {\arabicfont  63}
\BOOKMARK [1][-]{section.5.2}{معاصر مشین}{chapter.5}% \RL {\arabicfont  64}
\BOOKMARK [1][-]{section.5.3}{محرک برقی دباؤ}{chapter.5}% \RL {\arabicfont  65}
\BOOKMARK [1][-]{section.5.4}{پھیلے لچھے اور سائن نما مقناطیسی دباؤ}{chapter.5}% \RL {\arabicfont  66}
\BOOKMARK [2][-]{subsection.5.4.1}{بدلتی رو والے مشین}{section.5.4}% \RL {\arabicfont  67}
\BOOKMARK [1][-]{section.5.5}{مقناطیسی دباؤ کی گھومتی موجیں}{chapter.5}% \RL {\arabicfont  68}
\BOOKMARK [2][-]{subsection.5.5.1}{ایک دور کی لپٹی مشین}{section.5.5}% \RL {\arabicfont  69}
\BOOKMARK [2][-]{subsection.5.5.2}{تین دور کی لپٹی مشین کا تحلیلی تجزیہ}{section.5.5}% \RL {\arabicfont  70}
\BOOKMARK [2][-]{subsection.5.5.3}{تین دور کی لپٹی مشین کا ترسیمی تجزیہ}{section.5.5}% \RL {\arabicfont  71}
\BOOKMARK [1][-]{section.5.6}{محرک برقی دباؤ}{chapter.5}% \RL {\arabicfont  72}
\BOOKMARK [2][-]{subsection.5.6.1}{بدلتی رو برقی جنریٹر}{section.5.6}% \RL {\arabicfont  73}
\BOOKMARK [2][-]{subsection.5.6.2}{یک سمتی رو برقی جنریٹر}{section.5.6}% \RL {\arabicfont  74}
\BOOKMARK [1][-]{section.5.7}{ہموار قطب مشینوں میں مروڑ}{chapter.5}% \RL {\arabicfont  75}
\BOOKMARK [2][-]{subsection.5.7.1}{توانائی کے طریقے سے میکانی مروڑ کا حساب}{section.5.7}% \RL {\arabicfont  76}
\BOOKMARK [2][-]{subsection.5.7.2}{مقناطیسی بہاو سے میکانی مروڑ کا حساب}{section.5.7}% \RL {\arabicfont  77}
\BOOKMARK [0][-]{chapter.6}{یکساں حال، برقرار چالو معاصر مشین}{}% \RL {\arabicfont  78}
\BOOKMARK [1][-]{section.6.1}{متعدد مرحلہ معاصر مشین}{chapter.6}% \RL {\arabicfont  79}
\BOOKMARK [1][-]{section.6.2}{معاصر مشین کے امالہ}{chapter.6}% \RL {\arabicfont  80}
\BOOKMARK [2][-]{subsection.6.2.1}{خود امالہ}{section.6.2}% \RL {\arabicfont  81}
\BOOKMARK [2][-]{subsection.6.2.2}{مشترکہ امالہ}{section.6.2}% \RL {\arabicfont  82}
\BOOKMARK [2][-]{subsection.6.2.3}{معاصر امالہ}{section.6.2}% \RL {\arabicfont  83}
\BOOKMARK [1][-]{section.6.3}{معاصر مشین کا مساوی دور یا ریاضی نمونہ}{chapter.6}% \RL {\arabicfont  84}
\BOOKMARK [1][-]{section.6.4}{برقی طاقت کی منتقلی}{chapter.6}% \RL {\arabicfont  85}
\BOOKMARK [1][-]{section.6.5}{یکساں حال، برقرار چالو مشین کے خصوصیات}{chapter.6}% \RL {\arabicfont  86}
\BOOKMARK [2][-]{subsection.6.5.1}{معاصر جنریٹر: برقی بوجھ بالمقابل Im کے خطوط}{section.6.5}% \RL {\arabicfont  87}
\BOOKMARK [2][-]{subsection.6.5.2}{معاصر موٹر:Ia بالمقابل Im کے خط}{section.6.5}% \RL {\arabicfont  88}
\BOOKMARK [1][-]{section.6.6}{کھلے دور اور کسرِ دور معائنہ }{chapter.6}% \RL {\arabicfont  89}
\BOOKMARK [2][-]{subsection.6.6.1}{کُھلے دور معائنہ}{section.6.6}% \RL {\arabicfont  90}
\BOOKMARK [2][-]{subsection.6.6.2}{کسرِ دور معائنہ}{section.6.6}% \RL {\arabicfont  91}
\BOOKMARK [0][-]{chapter.7}{امالی مشین}{}% \RL {\arabicfont  92}
\BOOKMARK [1][-]{section.7.1}{ساکن لچھوں کی گھومتی مقناطیسی موج}{chapter.7}% \RL {\arabicfont  93}
\BOOKMARK [1][-]{section.7.2}{مشین کی سرکنے اور گھومتی موجوں پر تبصرہ}{chapter.7}% \RL {\arabicfont  94}
\BOOKMARK [1][-]{section.7.3}{ساکن لچھوں میں امالی برقی دباؤ}{chapter.7}% \RL {\arabicfont  95}
\BOOKMARK [1][-]{section.7.4}{ساکن لچھوں کی موج کا گھومتے لچھوں کے ساتھ اضافی رفتار اور ان میں پیدا امالی برقی دباؤ}{chapter.7}% \RL {\arabicfont  96}
\BOOKMARK [1][-]{section.7.5}{گھومتے لچھوں کی گھومتی مقناطیسی دباؤ کی موج}{chapter.7}% \RL {\arabicfont  97}
\BOOKMARK [1][-]{section.7.6}{گھومتے لچھوں کے مساوی فرضی ساکن لچھے}{chapter.7}% \RL {\arabicfont  98}
\BOOKMARK [1][-]{section.7.7}{امالی موٹر کا مساوی برقی دور}{chapter.7}% \RL {\arabicfont  99}
\BOOKMARK [1][-]{section.7.8}{مساوی برقی دور پر غور}{chapter.7}% \RL {\arabicfont  100}
\BOOKMARK [1][-]{section.7.9}{امالی موٹر کا مساوی تھونن دور یا ریاضی نمونہ}{chapter.7}% \RL {\arabicfont  101}
\BOOKMARK [1][-]{section.7.10}{پنجرا نما امالی موٹر}{chapter.7}% \RL {\arabicfont  102}
\BOOKMARK [1][-]{section.7.11}{بے بوجھ موٹر اور جامد موٹر کے معائنہ }{chapter.7}% \RL {\arabicfont  103}
\BOOKMARK [2][-]{subsection.7.11.1}{بے بوجھ موٹر کا معائنہ}{section.7.11}% \RL {\arabicfont  104}
\BOOKMARK [2][-]{subsection.7.11.2}{جامد موٹر کا معائنہ}{section.7.11}% \RL {\arabicfont  105}
\BOOKMARK [0][-]{chapter.8}{یک سمتی رو مشین}{}% \RL {\arabicfont  106}
\BOOKMARK [1][-]{section.8.1}{میکانی سمت کار کی بنیادی کارکردگی}{chapter.8}% \RL {\arabicfont  107}
\BOOKMARK [2][-]{subsection.8.1.1}{میکانی سمت کار کی تفصیل}{section.8.1}% \RL {\arabicfont  108}
\BOOKMARK [1][-]{section.8.2}{یک سمتی جنریٹر کی برقی دباؤ}{chapter.8}% \RL {\arabicfont  109}
\BOOKMARK [1][-]{section.8.3}{مروڑ}{chapter.8}% \RL {\arabicfont  110}
\BOOKMARK [1][-]{section.8.4}{بیرونی ہیجان اور خود ہیجان یک سمتی جنریٹر}{chapter.8}% \RL {\arabicfont  111}
\BOOKMARK [1][-]{section.8.5}{یک سمتی مشین کی کارکردگی کے خط}{chapter.8}% \RL {\arabicfont  112}
\BOOKMARK [2][-]{subsection.8.5.1}{حاصل برقی دباؤ بالمقابل برقی بوجھ}{section.8.5}% \RL {\arabicfont  113}
\BOOKMARK [2][-]{subsection.8.5.2}{رفتار بالمقابل مروڑ}{section.8.5}% \RL {\arabicfont  114}
\BOOKMARK [0][-]{equation.8.5.17}{فرہنگ}{}% \RL {\arabicfont  115}
